UG to STEP
! INFO-     NX STEP AP214 - V1926
! INFO-      
! INFO-     Start of Translation: 28-AUG-2021  12:40:27 PM
! INFO-      
! STATUS-   Converting Part: C:\Users\DasBo\OneDrive\Documents\GitHub\Instrumentation-PCB\Footprint Library\custom-footprint-library\182-037-213_step.prt
! SUMMARY-   
! SUMMARY-  Summary of Unigraphics Part Entities
! SUMMARY-  For Part: C:\Users\DasBo\OneDrive\Documents\GitHub\Instrumentation-PCB\Footprint Library\custom-footprint-library\182-037-213_step.prt 
! SUMMARY-  Entities Processed             Count
! SUMMARY-  ------------------             -----
! SUMMARY-  Part Attribute ..............:     1
! SUMMARY-  Font ........................:     1
! SUMMARY-  Color Table .................:     2
! SUMMARY-  Coordinate System ...........:     1
! SUMMARY-  Parameter ...................:     1
! SUMMARY-  Matrix ......................:     1
! SUMMARY-  Solid .......................:
! SUMMARY-     Body .....................:     1
! SUMMARY-                                 -----
! SUMMARY-  Total                              8
! STATUS-    
! STATUS-   Converting to Output Form (Phase 2 of 3): 28-AUG-2021 12:40:28 PM
! STATUS-    
! STATUS-    
! STATUS-   Generating UG geometry and placing them in parts
! STATUS-    
! SUMMARY-   
! SUMMARY-    STEP Header Information
! SUMMARY-   
! SUMMARY-  Description      Unknown
! SUMMARY-  Imp_Level        1
! SUMMARY-  File_Name        182-037-213_step.stp
! SUMMARY-  Date             2021-08-28T12:40:28-05:00
! SUMMARY-  Author           Unknown
! SUMMARY-  Organization     Unknown
! SUMMARY-  Pre_Version      ST-DEVELOPER v16.7
! SUMMARY-  Orig_System      SIEMENS PLM Software NX 1926
! SUMMARY-  Authorization    Unknown
! SUMMARY-  Schema_ID        step_merged_cad_schema
! SUMMARY-   
! SUMMARY-    Summary of STEP Entities
! SUMMARY-   
! SUMMARY-  Entity Type                                                   Count
! SUMMARY-  -----------                                                   ------
! SUMMARY-  advanced_face ..............................................:    580
! SUMMARY-  application_context ........................................:      1
! SUMMARY-  axis2_placement_3d .........................................:    696
! SUMMARY-  b_spline_curve_with_knots ..................................:    109
! SUMMARY-  cartesian_point ............................................:   4530
! SUMMARY-  circle .....................................................:    150
! SUMMARY-  closed_shell ...............................................:      1
! SUMMARY-  conversion_based_unit_and_length_unit ......................:      1
! SUMMARY-  conversion_based_unit_and_plane_angle_unit .................:      1
! SUMMARY-  cylindrical_surface ........................................:     73
! SUMMARY-  dimensional_exponents ......................................:      2
! SUMMARY-  direction ..................................................:   2480
! SUMMARY-  edge_curve .................................................:   1277
! SUMMARY-  edge_loop ..................................................:    721
! SUMMARY-  face_bound .................................................:    200
! SUMMARY-  face_outer_bound ...........................................:    521
! SUMMARY-  geometric_representation_context_and_global_uncertainty_a ..:      1
! SUMMARY-  length_measure_with_unit ...................................:      1
! SUMMARY-  length_unit_and_si_unit ....................................:      1
! SUMMARY-  line .......................................................:   1053
! SUMMARY-  manifold_solid_brep ........................................:      1
! SUMMARY-  oriented_edge ..............................................:   2554
! SUMMARY-  plane ......................................................:    468
! SUMMARY-  plane_angle_measure_with_unit ..............................:      1
! SUMMARY-  plane_angle_unit_and_si_unit ...............................:      1
! SUMMARY-  product ....................................................:      1
! SUMMARY-  product_context ............................................:      1
! SUMMARY-  product_definition .........................................:      1
! SUMMARY-  product_definition_context .................................:      1
! SUMMARY-  product_definition_formation_with_specified_source .........:      1
! SUMMARY-  product_definition_shape ...................................:      1
! SUMMARY-  product_related_product_category ...........................:      1
! SUMMARY-  si_unit_and_solid_angle_unit ...............................:      1
! SUMMARY-  surface_of_linear_extrusion ................................:     35
! SUMMARY-  toroidal_surface ...........................................:      4
! SUMMARY-  uncertainty_measure_with_unit ..............................:      1
! SUMMARY-  vector .....................................................:   1088
! SUMMARY-  vertex_point ...............................................:    828
! SUMMARY-                                                               -------
! SUMMARY-  Total                                                          17388
! WARNING-  Convergent/Facet bodies are not processed.
! INFO-      
! INFO-     User interface/default file
! INFO-     Bspline aprx. value in effect for this translation : 2.540000e-02 mm
! INFO-      
! INFO-     Total number of solids input for this translation  :       1
! INFO-      
! INFO-     Number of solids processed without problems        :       1
! INFO-      
! INFO-     Number of solids with problems output as sheets    :       0
! INFO-      
! INFO-     Number of solids not processed                     :       0
! INFO-      
! INFO-     End of Translation: 28-AUG-2021  12:40:28 PM
! INFO-      
